
2025/07/08 00:36:58 [notice] 1#1: using the "epoll" event method
2025/07/08 00:36:58 [notice] 1#1: nginx/1.27.3
2025/07/08 00:36:58 [notice] 1#1: built by gcc 13.2.1 20240309 (Alpine 13.2.1_git20240309) 
2025/07/08 00:36:58 [notice] 1#1: OS: Linux 6.10.14-linuxkit
2025/07/08 00:36:58 [notice] 1#1: getrlimit(RLIMIT_NOFILE): 1048576:1048576
2025/07/08 00:36:58 [notice] 1#1: start worker processes
2025/07/08 00:36:58 [notice] 1#1: start worker process 20
2025/07/08 00:36:58 [notice] 1#1: start worker process 21
2025/07/08 00:36:58 [notice] 1#1: start worker process 22
2025/07/08 00:36:58 [notice] 1#1: start worker process 23
2025/07/08 00:36:58 [notice] 1#1: start worker process 24
2025/07/08 00:36:58 [notice] 1#1: start worker process 25
2025/07/08 00:36:58 [notice] 1#1: start worker process 26
2025/07/08 00:36:58 [notice] 1#1: start worker process 27
2025/07/08 00:37:35 [notice] 1#1: signal 3 (SIGQUIT) received, shutting down
2025/07/08 00:37:35 [notice] 20#20: gracefully shutting down
2025/07/08 00:37:35 [notice] 22#22: gracefully shutting down
2025/07/08 00:37:35 [notice] 21#21: gracefully shutting down
2025/07/08 00:37:35 [notice] 23#23: gracefully shutting down
2025/07/08 00:37:35 [notice] 24#24: gracefully shutting down
2025/07/08 00:37:35 [notice] 23#23: exiting
2025/07/08 00:37:35 [notice] 25#25: gracefully shutting down
2025/07/08 00:37:35 [notice] 25#25: exiting
2025/07/08 00:37:35 [notice] 26#26: gracefully shutting down
2025/07/08 00:37:35 [notice] 27#27: gracefully shutting down
2025/07/08 00:37:35 [notice] 20#20: exiting
2025/07/08 00:37:35 [notice] 22#22: exiting
2025/07/08 00:37:35 [notice] 21#21: exiting
2025/07/08 00:37:35 [notice] 24#24: exiting
2025/07/08 00:37:35 [notice] 23#23: exit
2025/07/08 00:37:35 [notice] 25#25: exit
2025/07/08 00:37:35 [notice] 26#26: exiting
2025/07/08 00:37:35 [notice] 27#27: exiting
2025/07/08 00:37:35 [notice] 20#20: exit
2025/07/08 00:37:35 [notice] 22#22: exit
2025/07/08 00:37:35 [notice] 27#27: exit
2025/07/08 00:37:35 [notice] 21#21: exit
2025/07/08 00:37:35 [notice] 24#24: exit
2025/07/08 00:37:35 [notice] 26#26: exit
2025/07/08 00:37:35 [notice] 1#1: signal 17 (SIGCHLD) received from 22
2025/07/08 00:37:35 [notice] 1#1: worker process 20 exited with code 0
2025/07/08 00:37:35 [notice] 1#1: worker process 22 exited with code 0
2025/07/08 00:37:35 [notice] 1#1: worker process 26 exited with code 0
2025/07/08 00:37:35 [notice] 1#1: worker process 27 exited with code 0
2025/07/08 00:37:35 [notice] 1#1: signal 29 (SIGIO) received
2025/07/08 00:37:35 [notice] 1#1: signal 17 (SIGCHLD) received from 24
2025/07/08 00:37:35 [notice] 1#1: worker process 21 exited with code 0
2025/07/08 00:37:35 [notice] 1#1: worker process 23 exited with code 0
2025/07/08 00:37:35 [notice] 1#1: worker process 24 exited with code 0
2025/07/08 00:37:35 [notice] 1#1: worker process 25 exited with code 0
2025/07/08 00:37:35 [notice] 1#1: exit
